1 0 0 0 8 80 8 8 10 10
1 0 0 0 8 80 8 8 10 10
1 0 0 0 8 80 8 2 10 10
1 0 0 0 8 80 8 2 10 10
1 0 0 0 8 80 8 6 10 10
1 0 0 0 8 80 8 6 10 10
1 0 0 0 8 80 8 2 10 10
1 0 0 0 8 80 8 2 10 10
1 0 0 0 8 80 8 6 10 10
1 0 0 0 8 80 8 6 10 10
1 0 0 0 8 80 8 8 10 10
1 0 0 0 8 80 8 8 10 10
1 0 0 0 8 80 8 8 10 10
1 0 0 0 8 80 8 8 10 10
1 0 0 0 8 80 8 8 10 10
1 0 0 0 8 80 8 8 10 10
0 0 0 0 8 80 8 6 6 10
0 0 0 0 8 80 8 6 6 10
0 1 0 0 8 80 8 6 6 10
0 1 0 0 8 80 8 6 6 10
1 0 0 0 8 80 8 2 10 10
1 0 0 0 8 80 8 2 10 10
0 0 0 0 4 80 4 4 6 10
0 0 0 0 4 80 4 4 6 10
0 1 0 0 4 80 4 4 6 10
0 1 0 0 4 80 4 4 6 10
1 0 0 0 4 80 4 4 10 10
1 0 0 0 4 80 4 4 10 10
1 0 0 0 4 80 4 4 10 10
1 0 0 0 4 80 4 4 10 10
1 0 0 0 8 80 8 8 10 10
1 0 0 0 8 80 8 8 10 10
1 0 0 0 4 80 4 4 10 10
1 0 0 0 4 80 4 4 10 10
1 0 0 0 4 80 4 4 10 10
1 0 0 0 4 80 4 4 10 10
1 0 0 0 2 80 2 4 10 10
1 0 0 0 2 80 2 4 10 10
1 0 0 0 2 80 2 4 10 10
1 0 0 0 2 80 2 4 10 10
1 0 0 0 4 80 4 2 10 10
1 0 0 0 4 80 4 2 10 10
1 0 0 0 4 80 4 2 10 10
1 0 0 0 4 80 4 2 10 10
0 0 0 0 8 80 8 4 6 10
0 0 0 0 8 80 8 4 6 10
0 1 0 0 8 80 8 4 6 10
0 1 0 0 8 80 8 4 6 10
1 0 0 0 8 80 8 4 10 10
1 0 0 0 8 80 8 4 10 10
1 0 0 0 8 80 8 8 10 10
1 0 0 0 8 80 8 8 10 10
0 0 0 0 6 80 6 8 6 10
0 0 0 0 6 80 6 8 6 10
0 1 0 0 6 80 6 8 6 10
0 1 0 0 6 80 6 8 6 10
1 0 0 0 2 80 2 8 10 10
1 0 0 0 2 80 2 8 10 10
1 0 0 0 8 80 8 8 10 10
1 0 0 0 8 80 8 8 10 10
1 0 0 0 8 80 8 8 10 10
1 0 0 0 8 80 8 8 10 10
1 0 0 0 8 80 8 8 10 10
1 0 0 0 8 80 8 8 10 10
1 0 0 0 8 80 8 6 10 10
1 0 0 0 8 80 8 6 10 10
1 0 0 0 8 80 8 2 10 10
1 0 0 0 8 80 8 2 10 10
1 0 0 0 4 80 4 4 10 10
1 0 0 0 4 80 4 4 10 10
1 0 0 0 4 80 4 4 10 10
1 0 0 0 4 80 4 4 10 10
1 0 0 0 2 80 2 4 10 10
1 0 0 0 2 80 2 4 10 10
1 0 0 0 2 80 2 4 10 10
1 0 0 0 2 80 2 4 10 10
1 0 0 0 4 80 4 4 10 10
1 0 0 0 4 80 4 4 10 10
0 0 0 0 8 80 8 6 6 10
0 0 0 0 8 80 8 6 6 10
0 1 0 0 8 80 8 6 6 10
0 1 0 0 8 80 8 6 6 10
1 0 0 0 8 80 8 2 10 10
1 0 0 0 8 80 8 2 10 10
1 0 0 0 8 80 8 8 10 10
1 0 0 0 8 80 8 8 10 10
1 0 0 0 8 80 8 2 10 10
1 0 0 0 8 80 8 2 10 10
0 0 0 0 8 80 8 6 6 10
0 0 0 0 8 80 8 6 6 10
0 1 0 0 8 80 8 6 6 10
0 1 0 0 8 80 8 6 6 10
0 0 0 0 8 80 8 4 6 10
0 0 0 0 8 80 8 4 6 10
0 1 0 0 8 80 8 4 6 10
0 1 0 0 8 80 8 4 6 10
0 0 0 0 8 80 8 4 6 10
0 0 0 0 8 80 8 4 6 10
0 1 0 0 8 80 8 4 6 10
0 1 0 0 8 80 8 4 6 10
0 0 0 0 8 80 8 4 6 10
0 0 0 0 8 80 8 4 6 10
0 1 0 0 8 80 8 4 6 10
0 1 0 0 8 80 8 4 6 10
1 0 0 0 8 80 8 4 10 10
1 0 0 0 8 80 8 4 10 10
1 0 0 0 8 80 8 8 10 10
1 0 0 0 8 80 8 8 10 10
1 0 0 0 16 80 16 16 10 10
1 0 0 0 16 80 16 16 10 10
1 0 0 0 16 80 16 16 10 10
1 0 0 0 16 80 16 16 10 10
0 0 0 0 8 80 8 8 6 10
0 0 0 0 8 80 8 8 6 10
0 1 0 0 8 80 8 8 6 10
0 1 0 0 8 80 8 8 6 10
1 0 0 0 4 80 4 4 10 10
1 0 0 0 4 80 4 4 10 10
1 0 0 0 4 80 4 4 10 10
1 0 0 0 4 80 4 4 10 10
0 0 0 0 4 80 4 4 6 10
0 0 0 0 4 80 4 4 6 10
0 1 0 0 4 80 4 4 6 10
0 1 0 0 4 80 4 4 6 10
1 0 0 0 4 80 4 4 10 10
1 0 0 0 4 80 4 4 10 10
0 0 0 0 8 80 8 8 6 10
0 0 0 0 8 80 8 8 6 10
0 1 0 0 8 80 8 8 6 10
0 1 0 0 8 80 8 8 6 10
0 0 0 0 6 80 6 8 6 10
0 0 0 0 6 80 6 8 6 10
0 1 0 0 6 80 6 8 6 10
0 1 0 0 6 80 6 8 6 10
1 0 0 0 2 80 2 8 10 10
1 0 0 0 2 80 2 8 10 10
1 0 0 0 8 80 8 8 10 10
1 0 0 0 8 80 8 8 10 10
0 0 0 0 8 80 8 6 6 10
0 0 0 0 8 80 8 6 6 10
0 1 0 0 8 80 8 6 6 10
0 1 0 0 8 80 8 6 6 10
1 0 0 0 8 80 8 2 10 10
1 0 0 0 8 80 8 2 10 10
0 0 0 0 8 80 8 8 6 10
0 0 0 0 8 80 8 8 6 10
0 1 0 0 8 80 8 8 6 10
0 1 0 0 8 80 8 8 6 10
0 0 0 0 8 80 8 8 6 10
0 0 0 0 8 80 8 8 6 10
0 1 0 0 8 80 8 8 6 10
0 1 0 0 8 80 8 8 6 10
0 0 0 0 8 80 8 8 6 10
0 0 0 0 8 80 8 8 6 10
0 1 0 0 8 80 8 8 6 10
0 1 0 0 8 80 8 8 6 10
0 0 0 0 2 80 2 8 6 10
0 0 0 0 2 80 2 8 6 10
0 1 0 0 2 80 2 8 6 10
0 1 0 0 2 80 2 8 6 10
1 0 0 0 6 80 6 8 10 10
1 0 0 0 6 80 6 8 10 10
0 0 0 0 8 80 8 8 6 10
0 0 0 0 8 80 8 8 6 10
0 1 0 0 8 80 8 8 6 10
0 1 0 0 8 80 8 8 6 10
0 0 0 0 8 80 8 8 6 10
0 0 0 0 8 80 8 8 6 10
0 1 0 0 8 80 8 8 6 10
0 1 0 0 8 80 8 8 6 10
1 0 0 0 2 80 2 4 10 10
1 0 0 0 2 80 2 4 10 10
1 0 0 0 2 80 2 4 10 10
1 0 0 0 2 80 2 4 10 10
1 0 0 0 4 80 4 4 10 10
1 0 0 0 4 80 4 4 10 10
1 0 0 0 4 80 4 4 10 10
1 0 0 0 4 80 4 4 10 10
1 0 0 0 4 80 4 2 10 10
1 0 0 0 4 80 4 2 10 10
1 0 0 0 320 80 4 2 6 10
1 0 0 0 320 80 4 2 6 10
0 0 0 0 4 80 4 4 6 10
0 0 0 0 4 80 4 4 6 10
0 1 0 0 4 80 4 4 6 10
0 1 0 0 4 80 4 4 6 10
1 0 0 0 8 80 8 2 10 10
1 0 0 0 8 80 8 2 10 10
0 0 0 0 8 80 8 6 6 10
0 0 0 0 8 80 8 6 6 10
0 1 0 0 8 80 8 6 6 10
0 1 0 0 8 80 8 6 6 10
1 0 0 0 4 80 4 2 10 10
1 0 0 0 4 80 4 2 10 10
1 0 0 0 4 80 4 2 10 10
1 0 0 0 4 80 4 2 10 10
0 0 0 0 4 80 4 4 6 10
0 0 0 0 4 80 4 4 6 10
0 1 0 0 4 80 4 4 6 10
0 1 0 0 4 80 4 4 6 10
0 0 0 0 4 80 4 4 6 10
0 0 0 0 4 80 4 4 6 10
0 1 0 0 4 80 4 4 6 10
0 1 0 0 4 80 4 4 6 10
1 0 0 0 320 80 6 8 6 10
1 0 0 0 320 80 6 8 6 10
1 0 0 0 2 80 2 4 10 10
1 0 0 0 2 80 2 4 10 10
1 0 0 0 4 80 4 2 10 10
1 0 0 0 4 80 4 2 10 10
1 0 0 0 4 80 4 2 10 10
1 0 0 0 4 80 4 2 10 10
1 0 0 0 4 80 4 4 10 10
1 0 0 0 4 80 4 4 10 10
0 0 0 0 4 80 4 4 6 10
0 0 0 0 4 80 4 4 6 10
0 1 0 0 4 80 4 4 6 10
0 1 0 0 4 80 4 4 6 10
0 0 0 0 4 80 4 4 6 10
0 0 0 0 4 80 4 4 6 10
0 1 0 0 4 80 4 4 6 10
0 1 0 0 4 80 4 4 6 10
1 0 0 0 4 80 4 4 10 10
1 0 0 0 4 80 4 4 10 10
1 0 0 0 320 80 4 4 6 10
1 0 0 0 320 80 4 4 6 10
1 0 0 0 2 80 2 4 10 10
1 0 0 0 2 80 2 4 10 10
1 0 0 0 2 80 2 4 10 10
1 0 0 0 2 80 2 4 10 10
1 0 0 0 8 80 8 4 10 10
1 0 0 0 8 80 8 4 10 10
1 0 0 0 8 80 8 4 10 10
1 0 0 0 8 80 8 4 10 10
1 0 0 0 4 80 4 4 10 10
1 0 0 0 4 80 4 4 10 10
1 0 0 0 4 80 4 2 10 10
1 0 0 0 4 80 4 2 10 10
1 0 0 0 4 80 4 2 10 10
1 0 0 0 4 80 4 2 10 10
1 0 0 0 4 80 4 2 10 10
1 0 0 0 4 80 4 2 10 10
1 0 0 0 4 80 4 2 10 10
1 0 0 0 4 80 4 2 10 10
1 0 0 0 6 80 6 8 10 10
1 0 0 0 6 80 6 8 10 10
0 0 0 0 2 80 2 8 6 10
0 0 0 0 2 80 2 8 6 10
1 0 0 0 4 80 4 4 10 10
1 0 0 0 4 80 4 4 10 10
1 0 0 0 4 80 4 4 10 10
1 0 0 0 4 80 4 4 10 10
1 0 0 0 4 80 4 2 10 10
1 0 0 0 4 80 4 2 10 10
1 0 0 0 4 80 4 2 10 10
1 0 0 0 4 80 4 2 10 10
1 0 0 0 4 80 4 4 10 10
1 0 0 0 4 80 4 4 10 10
0 0 0 0 4 80 4 4 6 10
0 0 0 0 4 80 4 4 6 10
0 1 0 0 4 80 4 4 6 10
0 1 0 0 4 80 4 4 6 10
0 0 0 0 4 80 4 4 6 10
0 0 0 0 4 80 4 4 6 10
0 1 0 0 4 80 4 4 6 10
0 1 0 0 4 80 4 4 6 10
0 0 0 0 8 80 8 8 6 10
0 0 0 0 8 80 8 8 6 10
0 1 0 0 8 80 8 8 6 10
0 1 0 0 8 80 8 8 6 10
1 0 0 0 2 80 2 4 10 10
1 0 0 0 2 80 2 4 10 10
1 0 0 0 2 80 2 4 10 10
1 0 0 0 2 80 2 4 10 10
1 0 0 0 4 80 4 2 10 10
1 0 0 0 4 80 4 2 10 10
1 0 0 0 2 80 2 4 10 10
1 0 0 0 2 80 2 4 10 10
1 0 0 0 4 80 4 2 10 10
1 0 0 0 4 80 4 2 10 10
1 0 0 0 4 80 4 2 10 10
1 0 0 0 4 80 4 2 10 10
1 0 0 0 4 80 4 4 10 10
1 0 0 0 4 80 4 4 10 10
0 0 0 0 4 80 4 4 6 10
0 0 0 0 4 80 4 4 6 10
1 0 0 0 2 80 2 4 10 10
1 0 0 0 2 80 2 4 10 10
1 0 0 0 2 80 2 4 10 10
1 0 0 0 2 80 2 4 10 10
1 0 0 0 4 80 4 4 10 10
1 0 0 0 4 80 4 4 10 10
0 0 0 0 8 80 8 8 6 10
0 0 0 0 8 80 8 8 6 10
0 1 0 0 8 80 8 8 6 10
0 1 0 0 8 80 8 8 6 10
0 0 0 0 8 80 8 8 6 10
0 0 0 0 8 80 8 8 6 10
0 1 0 0 8 80 8 8 6 10
0 1 0 0 8 80 8 8 6 10
1 0 0 0 4 80 4 4 10 10
1 0 0 0 4 80 4 4 10 10
1 0 0 0 4 80 4 4 10 10
1 0 0 0 4 80 4 4 10 10
1 0 0 0 320 80 4 4 6 10
1 0 0 0 320 80 4 4 6 10
1 0 0 0 320 80 4 4 6 10
1 0 0 0 320 80 4 4 6 10
0 0 0 0 4 80 4 4 6 10
0 0 0 0 4 80 4 4 6 10
0 0 0 0 4 80 4 4 6 10
0 0 0 0 4 80 4 4 6 10
1 0 0 0 320 80 8 8 6 10
1 0 0 0 320 80 8 8 6 10
1 0 0 0 320 80 4 4 6 10
1 0 0 0 320 80 4 4 6 10
1 0 0 0 320 80 4 4 6 10
1 0 0 0 320 80 4 4 6 10
1 0 0 0 320 80 4 4 6 10
1 0 0 0 320 80 4 4 6 10
1 0 0 0 320 80 4 4 6 10
1 0 0 0 320 80 4 4 6 10
1 0 0 0 320 80 4 4 6 10
1 0 0 0 320 80 4 4 6 10
1 0 0 0 320 80 4 4 6 10
1 0 0 0 320 80 4 4 6 10
1 0 0 0 320 80 4 4 6 10
1 0 0 0 320 80 4 4 6 10
0 0 0 0 320 80 8 8 2 10
0 0 0 0 320 80 8 8 2 10
0 1 0 0 320 80 8 8 2 10
0 1 0 0 320 80 8 8 2 10
0 0 0 0 8 80 8 8 6 10
0 0 0 0 8 80 8 8 6 10
0 1 0 0 320 80 8 8 2 10
0 1 0 0 320 80 8 8 2 10
0 0 0 0 16 80 16 16 6 10
0 0 0 0 16 80 16 16 6 10
0 1 0 0 320 80 16 16 2 10
0 1 0 0 320 80 16 16 2 10
1 0 0 0 320 80 12 16 6 10
1 0 0 0 320 80 12 16 6 10
0 0 0 0 4 80 4 16 6 10
0 0 0 0 4 80 4 16 6 10
0 1 0 0 320 80 4 16 2 10
0 1 0 0 320 80 4 16 2 10
1 0 0 0 320 80 8 8 6 10
1 0 0 0 320 80 8 8 6 10
1 0 0 0 320 80 6 8 6 10
1 0 0 0 320 80 6 8 6 10
1 0 0 0 2 80 2 8 10 10
1 0 0 0 2 80 2 8 10 10
0 0 0 0 8 80 8 8 6 10
0 0 0 0 8 80 8 8 6 10
0 1 0 0 320 80 8 8 2 10
0 1 0 0 320 80 8 8 2 10
0 0 0 0 8 80 8 8 6 10
0 0 0 0 8 80 8 8 6 10
0 1 0 0 8 80 8 8 6 10
0 1 0 0 8 80 8 8 6 10
0 0 0 0 16 80 16 16 6 10
0 0 0 0 16 80 16 16 6 10
0 1 0 0 16 80 16 16 6 10
0 1 0 0 16 80 16 16 6 10
0 0 0 0 4 80 4 16 6 10
0 0 0 0 4 80 4 16 6 10
0 1 0 0 320 80 4 16 2 10
0 1 0 0 320 80 4 16 2 10
1 0 0 0 12 80 12 16 10 10
1 0 0 0 12 80 12 16 10 10
0 0 0 0 16 80 16 16 6 10
0 0 0 0 16 80 16 16 6 10
0 1 0 0 16 80 16 16 6 10
0 1 0 0 16 80 16 16 6 10
0 0 0 0 8 80 8 8 6 10
0 0 0 0 8 80 8 8 6 10
0 1 0 0 8 80 8 8 6 10
0 1 0 0 8 80 8 8 6 10
0 0 0 0 8 80 8 8 6 10
0 0 0 0 8 80 8 8 6 10
0 1 0 0 8 80 8 8 6 10
0 1 0 0 8 80 8 8 6 10
0 0 0 0 4 80 4 8 6 10
0 0 0 0 4 80 4 8 6 10
0 1 0 0 4 80 4 8 6 10
0 1 0 0 4 80 4 8 6 10
1 0 0 0 4 80 4 8 10 10
1 0 0 0 4 80 4 8 10 10
1 0 0 0 4 80 4 4 10 10
1 0 0 0 4 80 4 4 10 10
1 0 0 0 4 80 4 4 10 10
1 0 0 0 4 80 4 4 10 10
1 0 0 0 4 80 4 4 10 10
1 0 0 0 4 80 4 4 10 10
1 0 0 0 4 80 4 4 10 10
1 0 0 0 4 80 4 4 10 10
1 0 0 0 8 80 8 8 10 10
1 0 0 0 8 80 8 8 10 10
1 0 0 0 4 80 4 4 10 10
1 0 0 0 4 80 4 4 10 10
1 0 0 0 4 80 4 4 10 10
1 0 0 0 4 80 4 4 10 10
1 0 0 0 4 80 4 4 10 10
1 0 0 0 4 80 4 4 10 10
1 0 0 0 4 80 4 4 10 10
1 0 0 0 4 80 4 4 10 10
1 0 0 0 8 80 8 8 10 10
1 0 0 0 8 80 8 8 10 10
0 0 0 0 8 80 8 4 6 10
0 0 0 0 8 80 8 4 6 10
0 1 0 0 8 80 8 4 6 10
0 1 0 0 8 80 8 4 6 10
1 0 0 0 8 80 8 4 10 10
1 0 0 0 8 80 8 4 10 10
1 0 0 0 4 80 4 4 10 10
1 0 0 0 4 80 4 4 10 10
1 0 0 0 4 80 4 4 10 10
1 0 0 0 4 80 4 4 10 10
1 0 0 0 2 80 2 4 10 10
1 0 0 0 2 80 2 4 10 10
1 0 0 0 2 80 2 4 10 10
1 0 0 0 2 80 2 4 10 10
1 0 0 0 4 80 4 4 10 10
1 0 0 0 4 80 4 4 10 10
1 0 0 0 8 80 8 8 10 10
1 0 0 0 8 80 8 8 10 10
1 0 0 0 8 80 8 8 10 10
1 0 0 0 8 80 8 8 10 10
1 0 0 0 8 80 8 8 10 10
1 0 0 0 8 80 8 8 10 10
0 0 0 0 8 80 8 8 6 10
0 0 0 0 8 80 8 8 6 10
0 1 0 0 8 80 8 8 6 10
0 1 0 0 8 80 8 8 6 10
0 0 0 0 8 80 8 8 6 10
0 0 0 0 8 80 8 8 6 10
0 1 0 0 8 80 8 8 6 10
0 1 0 0 8 80 8 8 6 10
1 0 0 0 4 80 4 4 10 10
1 0 0 0 4 80 4 4 10 10
1 0 0 0 4 80 4 2 10 10
1 0 0 0 4 80 4 2 10 10
1 0 0 0 4 80 4 2 10 10
1 0 0 0 4 80 4 2 10 10
1 0 0 0 4 80 4 4 10 10
1 0 0 0 4 80 4 4 10 10
1 0 0 0 4 80 4 4 10 10
1 0 0 0 4 80 4 4 10 10
0 0 0 0 6 80 6 8 6 10
0 0 0 0 6 80 6 8 6 10
0 1 0 0 6 80 6 8 6 10
0 1 0 0 6 80 6 8 6 10
1 0 0 0 2 80 2 8 10 10
1 0 0 0 2 80 2 8 10 10
1 0 0 0 8 80 8 8 10 10
1 0 0 0 8 80 8 8 10 10
1 0 0 0 8 80 8 8 10 10
1 0 0 0 8 80 8 8 10 10
1 0 0 0 2 80 2 4 10 10
1 0 0 0 2 80 2 4 10 10
1 0 0 0 2 80 2 4 10 10
1 0 0 0 2 80 2 4 10 10
1 0 0 0 4 80 4 4 10 10
1 0 0 0 4 80 4 4 10 10
0 0 0 0 4 80 4 4 6 10
0 0 0 0 4 80 4 4 6 10
0 1 0 0 4 80 4 4 6 10
0 1 0 0 4 80 4 4 6 10
0 0 0 0 4 80 4 4 6 10
0 0 0 0 4 80 4 4 6 10
0 1 0 0 4 80 4 4 6 10
0 1 0 0 4 80 4 4 6 10
1 0 0 0 8 80 8 8 10 10
1 0 0 0 8 80 8 8 10 10
0 0 0 0 16 80 16 4 6 10
0 0 0 0 16 80 16 4 6 10
0 1 0 0 16 80 16 4 6 10
0 1 0 0 16 80 16 4 6 10
0 0 0 0 16 80 16 12 6 10
0 0 0 0 16 80 16 12 6 10
0 1 0 0 16 80 16 12 6 10
0 1 0 0 16 80 16 12 6 10
0 0 0 0 8 80 8 8 6 10
0 0 0 0 8 80 8 8 6 10
0 1 0 0 8 80 8 8 6 10
0 1 0 0 8 80 8 8 6 10
0 0 0 0 8 80 8 8 6 10
0 0 0 0 8 80 8 8 6 10
0 1 0 0 8 80 8 8 6 10
0 1 0 0 8 80 8 8 6 10
1 0 0 0 8 80 8 8 10 10
1 0 0 0 8 80 8 8 10 10
1 0 0 0 4 80 4 4 10 10
1 0 0 0 4 80 4 4 10 10
1 0 0 0 4 80 4 4 10 10
1 0 0 0 4 80 4 4 10 10
1 0 0 0 2 80 2 4 10 10
1 0 0 0 2 80 2 4 10 10
1 0 0 0 2 80 2 4 10 10
1 0 0 0 2 80 2 4 10 10
1 0 0 0 2 80 2 4 10 10
1 0 0 0 2 80 2 4 10 10
1 0 0 0 2 80 2 4 10 10
1 0 0 0 2 80 2 4 10 10
1 0 0 0 8 80 8 8 10 10
1 0 0 0 8 80 8 8 10 10
1 0 0 0 4 80 4 4 10 10
1 0 0 0 4 80 4 4 10 10
1 0 0 0 4 80 4 4 10 10
1 0 0 0 4 80 4 4 10 10
0 0 0 0 4 80 4 4 6 10
0 0 0 0 4 80 4 4 6 10
0 1 0 0 4 80 4 4 6 10
0 1 0 0 4 80 4 4 6 10
0 0 0 0 4 80 4 4 6 10
0 0 0 0 4 80 4 4 6 10
0 1 0 0 4 80 4 4 6 10
0 1 0 0 4 80 4 4 6 10
0 0 0 0 8 80 8 8 6 10
0 0 0 0 8 80 8 8 6 10
0 1 0 0 8 80 8 8 6 10
0 1 0 0 8 80 8 8 6 10
0 0 0 0 8 80 8 8 6 10
0 0 0 0 8 80 8 8 6 10
0 1 0 0 8 80 8 8 6 10
0 1 0 0 8 80 8 8 6 10
1 0 0 0 2 80 2 4 10 10
1 0 0 0 2 80 2 4 10 10
1 0 0 0 2 80 2 4 10 10
1 0 0 0 2 80 2 4 10 10
0 0 0 0 4 80 4 4 6 10
0 0 0 0 4 80 4 4 6 10
0 1 0 0 4 80 4 4 6 10
0 1 0 0 4 80 4 4 6 10
0 0 0 0 4 80 4 4 6 10
0 0 0 0 4 80 4 4 6 10
0 1 0 0 4 80 4 4 6 10
0 1 0 0 4 80 4 4 6 10
0 0 0 0 4 80 4 8 6 10
0 0 0 0 4 80 4 8 6 10
0 1 0 0 4 80 4 8 6 10
0 1 0 0 4 80 4 8 6 10
0 0 0 0 4 80 4 8 6 10
0 0 0 0 4 80 4 8 6 10
0 1 0 0 4 80 4 8 6 10
0 1 0 0 4 80 4 8 6 10
0 0 0 0 2 80 2 8 6 10
0 0 0 0 2 80 2 8 6 10
0 1 0 0 2 80 2 8 6 10
0 1 0 0 2 80 2 8 6 10
1 0 0 0 6 80 6 8 10 10
1 0 0 0 6 80 6 8 10 10
1 0 0 0 8 80 8 8 10 10
1 0 0 0 8 80 8 8 10 10
0 0 0 0 8 80 8 4 6 10
0 0 0 0 8 80 8 4 6 10
0 1 0 0 8 80 8 4 6 10
0 1 0 0 8 80 8 4 6 10
0 0 0 0 8 80 8 4 6 10
0 0 0 0 8 80 8 4 6 10
0 1 0 0 8 80 8 4 6 10
0 1 0 0 8 80 8 4 6 10
0 0 0 0 4 80 4 8 6 10
0 0 0 0 4 80 4 8 6 10
0 1 0 0 4 80 4 8 6 10
0 1 0 0 4 80 4 8 6 10
1 0 0 0 4 80 4 8 10 10
1 0 0 0 4 80 4 8 10 10
0 0 0 0 8 80 8 8 6 10
0 0 0 0 8 80 8 8 6 10
0 1 0 0 8 80 8 8 6 10
0 1 0 0 8 80 8 8 6 10
1 0 0 0 8 80 8 2 10 10
1 0 0 0 8 80 8 2 10 10
1 0 0 0 8 80 8 6 10 10
1 0 0 0 8 80 8 6 10 10
1 0 0 0 16 80 16 8 10 10
1 0 0 0 16 80 16 8 10 10
0 0 0 0 16 80 16 8 6 10
0 0 0 0 16 80 16 8 6 10
0 1 0 0 16 80 16 8 6 10
0 1 0 0 16 80 16 8 6 10
0 0 0 0 16 80 16 16 6 10
0 0 0 0 16 80 16 16 6 10
0 1 0 0 16 80 16 16 6 10
0 1 0 0 16 80 16 16 6 10
1 0 0 0 4 80 4 8 10 10
1 0 0 0 4 80 4 8 10 10
0 0 0 0 4 80 4 8 6 10
0 0 0 0 4 80 4 8 6 10
0 1 0 0 4 80 4 8 6 10
0 1 0 0 4 80 4 8 6 10
0 0 0 0 8 80 8 8 6 10
0 0 0 0 8 80 8 8 6 10
0 1 0 0 8 80 8 8 6 10
0 1 0 0 8 80 8 8 6 10
1 0 0 0 2 80 2 8 10 10
1 0 0 0 2 80 2 8 10 10
0 0 0 0 6 80 6 8 6 10
0 0 0 0 6 80 6 8 6 10
0 1 0 0 6 80 6 8 6 10
0 1 0 0 6 80 6 8 6 10
0 0 0 0 8 80 8 8 6 10
0 0 0 0 8 80 8 8 6 10
0 1 0 0 8 80 8 8 6 10
0 1 0 0 8 80 8 8 6 10
0 0 0 0 16 80 16 16 6 10
0 0 0 0 16 80 16 16 6 10
0 1 0 0 16 80 16 16 6 10
0 1 0 0 16 80 16 16 6 10
0 0 0 0 16 80 16 16 6 10
0 0 0 0 16 80 16 16 6 10
0 1 0 0 16 80 16 16 6 10
0 1 0 0 16 80 16 16 6 10
0 0 0 0 16 80 16 16 6 10
0 0 0 0 16 80 16 16 6 10
0 1 0 0 16 80 16 16 6 10
0 1 0 0 16 80 16 16 6 10
1 0 0 0 16 80 16 16 10 10
1 0 0 0 16 80 16 16 10 10
0 0 0 0 320 80 16 8 2 10
0 0 0 0 320 80 16 8 2 10
0 1 0 0 16 80 16 8 6 10
0 1 0 0 16 80 16 8 6 10
1 0 0 0 16 80 16 8 10 10
1 0 0 0 16 80 16 8 10 10
0 0 0 0 320 80 16 16 2 10
0 0 0 0 320 80 16 16 2 10
0 1 0 0 320 80 16 16 2 10
0 1 0 0 320 80 16 16 2 10
0 0 0 0 16 80 16 8 6 10
0 0 0 0 16 80 16 8 6 10
0 1 0 0 320 80 16 8 2 10
0 1 0 0 320 80 16 8 2 10
0 0 0 0 16 80 16 8 6 10
0 0 0 0 16 80 16 8 6 10
0 1 0 0 320 80 16 8 2 10
0 1 0 0 320 80 16 8 2 10
0 0 0 0 320 80 4 4 2 10
0 0 0 0 320 80 4 4 2 10
0 1 0 0 4 80 4 4 6 10
0 1 0 0 4 80 4 4 6 10
0 0 0 0 320 80 4 4 2 10
0 0 0 0 320 80 4 4 2 10
0 1 0 0 4 80 4 4 6 10
0 1 0 0 4 80 4 4 6 10
1 0 0 0 4 80 4 2 10 10
1 0 0 0 4 80 4 2 10 10
0 0 0 0 8 80 8 8 6 10
0 0 0 0 8 80 8 8 6 10
0 1 0 0 320 80 8 8 2 10
0 1 0 0 320 80 8 8 2 10
1 0 0 0 8 80 8 8 10 10
1 0 0 0 8 80 8 8 10 10
1 0 0 0 8 80 8 8 10 10
1 0 0 0 8 80 8 8 10 10
1 0 0 0 8 80 8 8 10 10
1 0 0 0 8 80 8 8 10 10
0 0 0 0 320 80 8 6 2 10
0 0 0 0 320 80 8 6 2 10
0 1 0 0 8 80 8 6 6 10
0 1 0 0 8 80 8 6 6 10
1 0 0 0 320 80 8 2 6 10
1 0 0 0 320 80 8 2 6 10
1 0 0 0 320 80 8 8 6 10
1 0 0 0 320 80 8 8 6 10
1 0 0 0 320 80 2 8 6 10
1 0 0 0 320 80 2 8 6 10
0 0 0 0 6 80 6 8 6 10
0 0 0 0 6 80 6 8 6 10
0 1 0 0 320 80 6 8 2 10
0 1 0 0 320 80 6 8 2 10
0 0 0 0 16 80 16 8 6 10
0 0 0 0 16 80 16 8 6 10
0 1 0 0 16 80 16 8 6 10
0 1 0 0 16 80 16 8 6 10
1 0 0 0 16 80 16 8 10 10
1 0 0 0 16 80 16 8 10 10
0 0 0 0 8 80 8 8 6 10
0 0 0 0 8 80 8 8 6 10
0 1 0 0 8 80 8 8 6 10
0 1 0 0 8 80 8 8 6 10
0 0 0 0 6 80 6 8 6 10
0 0 0 0 6 80 6 8 6 10
0 1 0 0 6 80 6 8 6 10
0 1 0 0 6 80 6 8 6 10
1 0 0 0 2 80 2 8 10 10
1 0 0 0 2 80 2 8 10 10
0 0 0 0 8 80 8 8 6 10
0 0 0 0 8 80 8 8 6 10
0 1 0 0 8 80 8 8 6 10
0 1 0 0 8 80 8 8 6 10
1 0 0 0 8 80 8 8 10 10
1 0 0 0 8 80 8 8 10 10
0 0 0 0 16 80 16 16 6 10
0 0 0 0 16 80 16 16 6 10
0 1 0 0 16 80 16 16 6 10
0 1 0 0 16 80 16 16 6 10
0 0 0 0 8 80 8 4 6 10
0 0 0 0 8 80 8 4 6 10
0 1 0 0 8 80 8 4 6 10
0 1 0 0 8 80 8 4 6 10
0 0 0 0 8 80 8 4 6 10
0 0 0 0 8 80 8 4 6 10
0 1 0 0 8 80 8 4 6 10
0 1 0 0 8 80 8 4 6 10
0 0 0 0 2 80 2 8 6 10
0 0 0 0 2 80 2 8 6 10
0 1 0 0 2 80 2 8 6 10
0 1 0 0 2 80 2 8 6 10
1 0 0 0 6 80 6 8 10 10
1 0 0 0 6 80 6 8 10 10
0 0 0 0 8 80 8 8 6 10
0 0 0 0 8 80 8 8 6 10
0 1 0 0 8 80 8 8 6 10
0 1 0 0 8 80 8 8 6 10
1 0 0 0 8 80 8 8 10 10
1 0 0 0 8 80 8 8 10 10
0 0 0 0 8 80 8 8 6 10
0 0 0 0 8 80 8 8 6 10
0 1 0 0 8 80 8 8 6 10
0 1 0 0 8 80 8 8 6 10
0 0 0 0 8 80 8 8 6 10
0 0 0 0 8 80 8 8 6 10
0 1 0 0 8 80 8 8 6 10
0 1 0 0 8 80 8 8 6 10
1 0 0 0 8 80 8 8 10 10
1 0 0 0 8 80 8 8 10 10
1 0 0 0 8 80 8 8 10 10
1 0 0 0 8 80 8 8 10 10
1 0 0 0 8 80 8 8 10 10
1 0 0 0 8 80 8 8 10 10
1 0 0 0 8 80 8 8 10 10
1 0 0 0 8 80 8 8 10 10
1 0 0 0 4 80 4 4 10 10
1 0 0 0 4 80 4 4 10 10
1 0 0 0 320 80 4 4 6 10
1 0 0 0 320 80 4 4 6 10
1 0 0 0 4 80 4 4 10 10
1 0 0 0 4 80 4 4 10 10
1 0 0 0 2 80 2 4 10 10
1 0 0 0 2 80 2 4 10 10
1 0 0 0 2 80 2 4 10 10
1 0 0 0 2 80 2 4 10 10
1 0 0 0 2 80 2 8 10 10
1 0 0 0 2 80 2 8 10 10
0 0 0 0 6 80 6 8 6 10
0 0 0 0 6 80 6 8 6 10
0 1 0 0 6 80 6 8 6 10
0 1 0 0 6 80 6 8 6 10
0 0 0 0 8 80 8 8 6 10
0 0 0 0 8 80 8 8 6 10
0 1 0 0 8 80 8 8 6 10
0 1 0 0 8 80 8 8 6 10
1 0 0 0 8 80 8 8 10 10
1 0 0 0 8 80 8 8 10 10
0 0 0 0 8 80 8 8 6 10
0 0 0 0 8 80 8 8 6 10
0 1 0 0 8 80 8 8 6 10
0 1 0 0 8 80 8 8 6 10
0 0 0 0 8 80 8 8 6 10
0 0 0 0 8 80 8 8 6 10
0 1 0 0 8 80 8 8 6 10
0 1 0 0 8 80 8 8 6 10
1 0 0 0 8 80 8 8 10 10
1 0 0 0 8 80 8 8 10 10
1 0 0 0 4 80 4 4 10 10
1 0 0 0 4 80 4 4 10 10
1 0 0 0 4 80 4 4 10 10
1 0 0 0 4 80 4 4 10 10
1 0 0 0 4 80 4 4 10 10
1 0 0 0 4 80 4 4 10 10
1 0 0 0 4 80 4 4 10 10
1 0 0 0 4 80 4 4 10 10
0 0 0 0 8 80 8 8 6 10
0 0 0 0 8 80 8 8 6 10
0 1 0 0 8 80 8 8 6 10
0 1 0 0 8 80 8 8 6 10
0 0 0 0 8 80 8 8 6 10
0 0 0 0 8 80 8 8 6 10
0 1 0 0 8 80 8 8 6 10
0 1 0 0 8 80 8 8 6 10
1 0 0 0 8 80 8 8 10 10
1 0 0 0 8 80 8 8 10 10
1 0 0 0 8 80 8 8 10 10
1 0 0 0 8 80 8 8 10 10
1 0 0 0 8 80 8 8 10 10
1 0 0 0 8 80 8 8 10 10
1 0 0 0 16 80 16 16 10 10
1 0 0 0 16 80 16 16 10 10
1 0 0 0 8 80 8 8 10 10
1 0 0 0 8 80 8 8 10 10
1 0 0 0 8 80 8 8 10 10
1 0 0 0 8 80 8 8 10 10
1 0 0 0 8 80 8 8 10 10
1 0 0 0 8 80 8 8 10 10
1 0 0 0 8 80 8 2 10 10
1 0 0 0 8 80 8 2 10 10
0 0 0 0 8 80 8 6 6 10
0 0 0 0 8 80 8 6 6 10
0 1 0 0 8 80 8 6 6 10
0 1 0 0 8 80 8 6 6 10
0 0 0 0 8 80 8 8 6 10
0 0 0 0 8 80 8 8 6 10
0 1 0 0 8 80 8 8 6 10
0 1 0 0 8 80 8 8 6 10
1 0 0 0 8 80 8 8 10 10
1 0 0 0 8 80 8 8 10 10
0 0 0 0 4 80 4 4 6 10
0 0 0 0 4 80 4 4 6 10
0 1 0 0 4 80 4 4 6 10
0 1 0 0 4 80 4 4 6 10
1 0 0 0 4 80 4 4 10 10
1 0 0 0 4 80 4 4 10 10
1 0 0 0 4 80 4 4 10 10
1 0 0 0 4 80 4 4 10 10
0 0 0 0 4 80 4 4 6 10
0 0 0 0 4 80 4 4 6 10
0 1 0 0 4 80 4 4 6 10
0 1 0 0 4 80 4 4 6 10
1 0 0 0 8 80 8 8 10 10
1 0 0 0 8 80 8 8 10 10
1 0 0 0 4 80 4 8 10 10
1 0 0 0 4 80 4 8 10 10
0 0 0 0 4 80 4 8 6 10
0 0 0 0 4 80 4 8 6 10
0 1 0 0 4 80 4 8 6 10
0 1 0 0 4 80 4 8 6 10
1 0 0 0 4 80 4 8 10 10
1 0 0 0 4 80 4 8 10 10
0 0 0 0 4 80 4 8 6 10
0 0 0 0 4 80 4 8 6 10
0 1 0 0 4 80 4 8 6 10
0 1 0 0 4 80 4 8 6 10
1 0 0 0 8 80 8 8 10 10
1 0 0 0 8 80 8 8 10 10
1 0 0 0 8 80 8 8 10 10
1 0 0 0 8 80 8 8 10 10
0 0 0 0 16 80 16 16 6 10
0 0 0 0 16 80 16 16 6 10
0 1 0 0 16 80 16 16 6 10
0 1 0 0 16 80 16 16 6 10
0 0 0 0 8 80 8 4 6 10
0 0 0 0 8 80 8 4 6 10
0 1 0 0 8 80 8 4 6 10
0 1 0 0 8 80 8 4 6 10
0 1 0 0 8 80 8 4 6 10
0 1 0 0 8 80 8 4 6 10
1 0 0 0 8 80 8 8 10 10
1 0 0 0 8 80 8 8 10 10
1 0 0 0 8 80 8 4 10 10
1 0 0 0 8 80 8 4 10 10
0 0 0 0 8 80 8 4 6 10
0 0 0 0 8 80 8 4 6 10
0 1 0 0 8 80 8 4 6 10
0 1 0 0 8 80 8 4 6 10
0 0 0 0 16 80 16 16 6 10
0 0 0 0 16 80 16 16 6 10
0 1 0 0 16 80 16 16 6 10
0 1 0 0 16 80 16 16 6 10
0 1 0 0 8 80 8 6 6 10
0 1 0 0 8 80 8 6 6 10
1 0 0 0 8 80 8 2 10 10
1 0 0 0 8 80 8 2 10 10
1 0 0 0 8 80 8 6 10 10
1 0 0 0 8 80 8 6 10 10
1 0 0 0 8 80 8 2 10 10
1 0 0 0 8 80 8 2 10 10
1 0 0 0 8 80 8 2 10 10
1 0 0 0 8 80 8 2 10 10
0 0 0 0 8 80 8 6 6 10
0 0 0 0 8 80 8 6 6 10
0 1 0 0 8 80 8 6 6 10
0 1 0 0 8 80 8 6 6 10
1 0 0 0 4 80 4 4 10 10
1 0 0 0 4 80 4 4 10 10
0 0 0 0 4 80 4 8 6 10
0 0 0 0 4 80 4 8 6 10
0 0 0 0 8 80 8 4 6 10
0 0 0 0 8 80 8 4 6 10
0 1 0 0 8 80 8 4 6 10
0 1 0 0 8 80 8 4 6 10
1 0 0 0 8 80 8 4 10 10
1 0 0 0 8 80 8 4 10 10
1 0 0 0 8 80 8 8 10 10
1 0 0 0 8 80 8 8 10 10
1 0 0 0 8 80 8 8 10 10
1 0 0 0 8 80 8 8 10 10
0 0 0 0 8 80 8 8 6 10
0 0 0 0 8 80 8 8 6 10
0 1 0 0 8 80 8 8 6 10
0 1 0 0 8 80 8 8 6 10
1 0 0 0 8 80 8 4 10 10
1 0 0 0 8 80 8 4 10 10
0 0 0 0 8 80 8 4 6 10
0 0 0 0 8 80 8 4 6 10
0 1 0 0 8 80 8 4 6 10
0 1 0 0 8 80 8 4 6 10
0 0 0 0 8 80 8 8 6 10
0 0 0 0 8 80 8 8 6 10
0 1 0 0 8 80 8 8 6 10
0 1 0 0 8 80 8 8 6 10
0 0 0 0 4 80 4 8 6 10
0 0 0 0 4 80 4 8 6 10
0 1 0 0 4 80 4 8 6 10
0 1 0 0 4 80 4 8 6 10
0 0 0 0 4 80 4 8 6 10
0 0 0 0 4 80 4 8 6 10
0 1 0 0 4 80 4 8 6 10
0 1 0 0 4 80 4 8 6 10
0 0 0 0 8 80 8 8 6 10
0 0 0 0 8 80 8 8 6 10
0 1 0 0 8 80 8 8 6 10
0 1 0 0 8 80 8 8 6 10
0 0 0 0 2 80 2 8 6 10
0 0 0 0 2 80 2 8 6 10
0 1 0 0 2 80 2 8 6 10
0 1 0 0 2 80 2 8 6 10
1 0 0 0 6 80 6 8 10 10
1 0 0 0 6 80 6 8 10 10
0 0 0 0 8 80 8 8 6 10
0 0 0 0 8 80 8 8 6 10
0 1 0 0 8 80 8 8 6 10
0 1 0 0 8 80 8 8 6 10
0 0 0 0 4 80 4 8 6 10
0 0 0 0 4 80 4 8 6 10
0 1 0 0 4 80 4 8 6 10
0 1 0 0 4 80 4 8 6 10
1 0 0 0 4 80 4 8 10 10
1 0 0 0 4 80 4 8 10 10
0 0 0 0 16 80 16 16 6 10
0 0 0 0 16 80 16 16 6 10
0 1 0 0 16 80 16 16 6 10
0 1 0 0 16 80 16 16 6 10
0 0 0 0 16 80 16 16 6 10
0 0 0 0 16 80 16 16 6 10
0 1 0 0 16 80 16 16 6 10
0 1 0 0 16 80 16 16 6 10
1 0 0 0 8 80 8 8 10 10
1 0 0 0 8 80 8 8 10 10
0 0 0 0 8 80 8 8 6 10
0 0 0 0 8 80 8 8 6 10
0 1 0 0 320 80 8 8 2 10
0 1 0 0 320 80 8 8 2 10
0 0 0 0 2 80 2 8 6 10
0 0 0 0 2 80 2 8 6 10
0 1 0 0 2 80 2 8 6 10
0 1 0 0 2 80 2 8 6 10
0 0 0 0 6 80 6 8 6 10
0 0 0 0 6 80 6 8 6 10
0 1 0 0 320 80 6 8 2 10
0 1 0 0 320 80 6 8 2 10
0 0 0 0 8 80 8 2 6 10
0 0 0 0 8 80 8 2 6 10
0 1 0 0 320 80 8 2 2 10
0 1 0 0 320 80 8 2 2 10
0 0 0 0 8 80 8 6 6 10
0 0 0 0 8 80 8 6 6 10
0 1 0 0 320 80 8 6 2 10
0 1 0 0 320 80 8 6 2 10
0 0 0 0 8 80 8 4 6 10
0 0 0 0 8 80 8 4 6 10
0 1 0 0 320 80 8 4 2 10
0 1 0 0 320 80 8 4 2 10
1 0 0 0 320 80 8 4 6 10
1 0 0 0 320 80 8 4 6 10
0 0 0 0 8 80 8 8 6 10
0 0 0 0 8 80 8 8 6 10
0 1 0 0 320 80 8 8 2 10
0 1 0 0 320 80 8 8 2 10
0 0 0 0 4 80 4 8 6 10
0 0 0 0 4 80 4 8 6 10
0 1 0 0 320 80 4 8 2 10
0 1 0 0 320 80 4 8 2 10
0 0 0 0 4 80 4 8 6 10
0 0 0 0 4 80 4 8 6 10
0 1 0 0 320 80 4 8 2 10
0 1 0 0 320 80 4 8 2 10
1 0 0 0 320 80 2 8 6 10
1 0 0 0 320 80 2 8 6 10
1 0 0 0 320 80 6 8 6 10
1 0 0 0 320 80 6 8 6 10
1 0 0 0 8 80 8 16 10 10
1 0 0 0 8 80 8 16 10 10
0 0 0 0 320 80 8 16 2 10
0 0 0 0 320 80 8 16 2 10
0 1 0 0 8 80 8 16 6 10
0 1 0 0 8 80 8 16 6 10
0 0 0 0 320 80 8 4 2 10
0 0 0 0 320 80 8 4 2 10
0 1 0 0 320 80 8 4 2 10
0 1 0 0 320 80 8 4 2 10
1 0 0 0 8 80 8 4 10 10
1 0 0 0 8 80 8 4 10 10
0 0 0 0 8 80 8 8 6 10
0 0 0 0 8 80 8 8 6 10
0 1 0 0 320 80 8 8 2 10
0 1 0 0 320 80 8 8 2 10
0 0 0 0 320 80 8 4 2 10
0 0 0 0 320 80 8 4 2 10
0 1 0 0 8 80 8 4 6 10
0 1 0 0 8 80 8 4 6 10
0 0 0 0 8 80 8 4 6 10
0 0 0 0 8 80 8 4 6 10
0 1 0 0 8 80 8 4 6 10
0 1 0 0 8 80 8 4 6 10
0 0 0 0 8 80 8 8 6 10
0 0 0 0 8 80 8 8 6 10
0 1 0 0 320 80 8 8 2 10
0 1 0 0 320 80 8 8 2 10
0 0 0 0 8 80 8 8 6 10
0 0 0 0 8 80 8 8 6 10
0 1 0 0 320 80 8 8 2 10
0 1 0 0 320 80 8 8 2 10
0 0 0 0 8 80 8 8 6 10
0 0 0 0 8 80 8 8 6 10
0 1 0 0 320 80 8 8 2 10
0 1 0 0 320 80 8 8 2 10
0 0 0 0 8 80 8 8 6 10
0 0 0 0 8 80 8 8 6 10
0 1 0 0 320 80 8 8 2 10
0 1 0 0 320 80 8 8 2 10
1 0 0 0 8 80 8 8 10 10
1 0 0 0 8 80 8 8 10 10
1 0 0 0 8 80 8 8 10 10
1 0 0 0 8 80 8 8 10 10
1 0 0 0 8 80 8 8 10 10
1 0 0 0 8 80 8 8 10 10
1 0 0 0 8 80 8 8 10 10
1 0 0 0 8 80 8 8 10 10
1 0 0 0 8 80 8 8 10 10
1 0 0 0 8 80 8 8 10 10
0 0 0 0 16 80 16 16 6 10
0 0 0 0 16 80 16 16 6 10
0 1 0 0 320 80 16 16 2 10
0 1 0 0 320 80 16 16 2 10
0 0 0 0 16 80 16 16 6 10
0 0 0 0 16 80 16 16 6 10
0 1 0 0 16 80 16 16 6 10
0 1 0 0 16 80 16 16 6 10
1 0 0 0 16 80 16 16 10 10
1 0 0 0 16 80 16 16 10 10
0 0 0 0 8 80 8 8 6 10
0 0 0 0 8 80 8 8 6 10
0 1 0 0 8 80 8 8 6 10
0 1 0 0 8 80 8 8 6 10
1 0 0 0 8 80 8 8 10 10
1 0 0 0 8 80 8 8 10 10
0 0 0 0 4 80 4 4 6 10
0 0 0 0 4 80 4 4 6 10
0 1 0 0 4 80 4 4 6 10
0 1 0 0 4 80 4 4 6 10
0 0 0 0 4 80 4 4 6 10
0 0 0 0 4 80 4 4 6 10
0 1 0 0 4 80 4 4 6 10
0 1 0 0 4 80 4 4 6 10
0 0 0 0 4 80 4 4 6 10
0 0 0 0 4 80 4 4 6 10
0 1 0 0 4 80 4 4 6 10
0 1 0 0 4 80 4 4 6 10
1 0 0 0 2 80 2 4 10 10
1 0 0 0 2 80 2 4 10 10
1 0 0 0 2 80 2 4 10 10
1 0 0 0 2 80 2 4 10 10
1 0 0 0 8 80 8 8 10 10
1 0 0 0 8 80 8 8 10 10
1 0 0 0 8 80 8 8 10 10
1 0 0 0 8 80 8 8 10 10
1 0 0 0 8 80 8 4 10 10
1 0 0 0 8 80 8 4 10 10
0 0 0 0 8 80 8 4 6 10
0 0 0 0 8 80 8 4 6 10
0 1 0 0 8 80 8 4 6 10
0 1 0 0 8 80 8 4 6 10
0 0 0 0 8 80 8 8 6 10
0 0 0 0 8 80 8 8 6 10
0 1 0 0 8 80 8 8 6 10
0 1 0 0 8 80 8 8 6 10
1 0 0 0 4 80 4 4 10 10
1 0 0 0 4 80 4 4 10 10
1 0 0 0 4 80 4 2 10 10
1 0 0 0 4 80 4 2 10 10
1 0 0 0 320 80 4 2 6 10
1 0 0 0 320 80 4 2 6 10
1 0 0 0 4 80 4 2 10 10
1 0 0 0 4 80 4 2 10 10
1 0 0 0 4 80 4 2 10 10
1 0 0 0 4 80 4 2 10 10
0 0 0 0 8 80 8 4 6 10
0 0 0 0 8 80 8 4 6 10
1 0 0 0 8 80 8 4 10 10
1 0 0 0 8 80 8 4 10 10
1 0 0 0 2 80 2 4 10 10
1 0 0 0 2 80 2 4 10 10
1 0 0 0 2 80 2 4 10 10
1 0 0 0 2 80 2 4 10 10
1 0 0 0 2 80 2 4 10 10
1 0 0 0 2 80 2 4 10 10
1 0 0 0 2 80 2 4 10 10
1 0 0 0 2 80 2 4 10 10
1 0 0 0 2 80 2 4 10 10
1 0 0 0 2 80 2 4 10 10
1 0 0 0 4 80 4 2 10 10
1 0 0 0 4 80 4 2 10 10
1 0 0 0 8 80 8 8 10 10
1 0 0 0 8 80 8 8 10 10
1 0 0 0 8 80 8 8 10 10
1 0 0 0 8 80 8 8 10 10
1 0 0 0 320 80 2 4 6 10
1 0 0 0 320 80 2 4 6 10
1 0 0 0 320 80 4 4 6 10
1 0 0 0 320 80 4 4 6 10
1 0 0 0 4 80 4 4 10 10
1 0 0 0 4 80 4 4 10 10
1 0 0 0 2 80 2 4 10 10
1 0 0 0 2 80 2 4 10 10
1 0 0 0 2 80 2 4 10 10
1 0 0 0 2 80 2 4 10 10
1 0 0 0 320 80 4 4 6 10
1 0 0 0 320 80 4 4 6 10
1 0 0 0 320 80 4 4 6 10
1 0 0 0 320 80 4 4 6 10
1 0 0 0 4 80 4 4 10 10
1 0 0 0 4 80 4 4 10 10
1 0 0 0 4 80 4 4 10 10
1 0 0 0 4 80 4 4 10 10
1 0 0 0 4 80 4 2 10 10
1 0 0 0 4 80 4 2 10 10
1 0 0 0 4 80 4 2 10 10
1 0 0 0 4 80 4 2 10 10
0 0 0 0 4 80 4 4 6 10
0 0 0 0 4 80 4 4 6 10
0 1 0 0 4 80 4 4 6 10
0 1 0 0 4 80 4 4 6 10
1 0 0 0 4 80 4 2 10 10
1 0 0 0 4 80 4 2 10 10
1 0 0 0 4 80 4 2 10 10
1 0 0 0 4 80 4 2 10 10
1 0 0 0 4 80 4 2 10 10
1 0 0 0 4 80 4 2 10 10
1 0 0 0 4 80 4 2 10 10
1 0 0 0 4 80 4 2 10 10
1 0 0 0 4 80 4 2 10 10
1 0 0 0 4 80 4 2 10 10
1 0 0 0 4 80 4 2 10 10
1 0 0 0 4 80 4 2 10 10
1 0 0 0 4 80 4 4 10 10
1 0 0 0 4 80 4 4 10 10
1 0 0 0 4 80 4 4 10 10
1 0 0 0 4 80 4 4 10 10
1 0 0 0 4 80 4 2 10 10
1 0 0 0 4 80 4 2 10 10
1 0 0 0 4 80 4 2 10 10
1 0 0 0 4 80 4 2 10 10
1 0 0 0 4 80 4 4 10 10
1 0 0 0 4 80 4 4 10 10
1 0 0 0 4 80 4 2 10 10
1 0 0 0 4 80 4 2 10 10
1 0 0 0 4 80 4 2 10 10
1 0 0 0 4 80 4 2 10 10
1 0 0 0 4 80 4 4 10 10
1 0 0 0 4 80 4 4 10 10
1 0 0 0 4 80 4 4 10 10
1 0 0 0 4 80 4 4 10 10
1 0 0 0 4 80 4 2 10 10
1 0 0 0 4 80 4 2 10 10
1 0 0 0 4 80 4 2 10 10
1 0 0 0 4 80 4 2 10 10
0 1 0 0 8 80 8 16 6 10
0 1 0 0 8 80 8 16 6 10
1 0 0 0 8 80 8 16 10 10
1 0 0 0 8 80 8 16 10 10
1 0 0 0 8 80 8 8 10 10
1 0 0 0 8 80 8 8 10 10
1 0 0 0 8 80 8 8 10 10
1 0 0 0 8 80 8 8 10 10
1 0 0 0 8 80 8 8 10 10
1 0 0 0 8 80 8 8 10 10
1 0 0 0 4 80 4 4 10 10
1 0 0 0 4 80 4 4 10 10
1 0 0 0 4 80 4 4 10 10
1 0 0 0 4 80 4 4 10 10
1 0 0 0 4 80 4 4 10 10
1 0 0 0 4 80 4 4 10 10
1 0 0 0 8 80 8 6 10 10
1 0 0 0 8 80 8 6 10 10
1 0 0 0 8 80 8 2 10 10
1 0 0 0 8 80 8 2 10 10
1 0 0 0 6 80 6 8 10 10
1 0 0 0 6 80 6 8 10 10
0 0 0 0 2 80 2 8 6 10
0 0 0 0 2 80 2 8 6 10
0 1 0 0 2 80 2 8 6 10
0 1 0 0 2 80 2 8 6 10
0 0 0 0 6 80 6 8 6 10
0 0 0 0 6 80 6 8 6 10
0 1 0 0 6 80 6 8 6 10
0 1 0 0 6 80 6 8 6 10
1 0 0 0 2 80 2 8 10 10
1 0 0 0 2 80 2 8 10 10
1 0 0 0 4 80 4 2 10 10
1 0 0 0 4 80 4 2 10 10
1 0 0 0 4 80 4 2 10 10
1 0 0 0 4 80 4 2 10 10
1 0 0 0 4 80 4 2 10 10
1 0 0 0 4 80 4 2 10 10
0 0 0 0 4 80 4 4 6 10
0 0 0 0 4 80 4 4 6 10
0 1 0 0 4 80 4 4 6 10
0 1 0 0 4 80 4 4 6 10
1 0 0 0 4 80 4 4 10 10
1 0 0 0 4 80 4 4 10 10
1 0 0 0 8 80 8 8 10 10
1 0 0 0 8 80 8 8 10 10
1 0 0 0 320 80 8 8 6 10
1 0 0 0 320 80 8 8 6 10
1 0 0 0 4 80 4 8 10 10
1 0 0 0 4 80 4 8 10 10
1 0 0 0 4 80 4 8 10 10
1 0 0 0 4 80 4 8 10 10
1 0 0 0 320 80 8 8 6 10
1 0 0 0 320 80 8 8 6 10
1 0 0 0 320 80 16 16 6 10
1 0 0 0 320 80 16 16 6 10
1 0 0 0 4 80 4 2 10 10
1 0 0 0 4 80 4 2 10 10
1 0 0 0 4 80 4 2 10 10
1 0 0 0 4 80 4 2 10 10
1 0 0 0 4 80 4 4 10 10
1 0 0 0 4 80 4 4 10 10
1 0 0 0 4 80 4 4 10 10
1 0 0 0 4 80 4 4 10 10
1 0 0 0 4 80 4 4 10 10
1 0 0 0 4 80 4 4 10 10
1 0 0 0 8 80 8 8 10 10
1 0 0 0 8 80 8 8 10 10
1 0 0 0 8 80 8 8 10 10
1 0 0 0 8 80 8 8 10 10
1 0 0 0 8 80 8 8 10 10
1 0 0 0 8 80 8 8 10 10
1 0 0 0 320 80 8 8 6 10
1 0 0 0 320 80 8 8 6 10
1 0 0 0 8 80 8 8 10 10
1 0 0 0 8 80 8 8 10 10
1 0 0 0 8 80 8 8 10 10
1 0 0 0 8 80 8 8 10 10
1 0 0 0 4 80 4 4 10 10
1 0 0 0 4 80 4 4 10 10
1 0 0 0 4 80 4 4 10 10
1 0 0 0 4 80 4 4 10 10
1 0 0 0 4 80 4 4 10 10
1 0 0 0 4 80 4 4 10 10
0 0 0 0 8 80 8 8 6 10
0 0 0 0 8 80 8 8 6 10
0 1 0 0 8 80 8 8 6 10
0 1 0 0 8 80 8 8 6 10
0 0 0 0 8 80 8 8 6 10
0 0 0 0 8 80 8 8 6 10
0 1 0 0 8 80 8 8 6 10
0 1 0 0 8 80 8 8 6 10
0 0 0 0 8 80 8 8 6 10
0 0 0 0 8 80 8 8 6 10
0 1 0 0 8 80 8 8 6 10
0 1 0 0 8 80 8 8 6 10
1 0 0 0 8 80 8 8 10 10
1 0 0 0 8 80 8 8 10 10
1 0 0 0 8 80 8 8 10 10
1 0 0 0 8 80 8 8 10 10
1 0 0 0 8 80 8 8 10 10
1 0 0 0 8 80 8 8 10 10
1 0 0 0 8 80 8 8 10 10
1 0 0 0 8 80 8 8 10 10
1 0 0 0 8 80 8 8 10 10
1 0 0 0 8 80 8 8 10 10
0 0 0 0 8 80 8 4 6 10
0 0 0 0 8 80 8 4 6 10
0 1 0 0 8 80 8 4 6 10
0 1 0 0 8 80 8 4 6 10
1 0 0 0 8 80 8 4 10 10
1 0 0 0 8 80 8 4 10 10
0 0 0 0 8 80 8 8 6 10
0 0 0 0 8 80 8 8 6 10
0 1 0 0 8 80 8 8 6 10
0 1 0 0 8 80 8 8 6 10
1 0 0 0 8 80 8 8 10 10
1 0 0 0 8 80 8 8 10 10
0 0 0 0 8 80 8 8 6 10
0 0 0 0 8 80 8 8 6 10
0 1 0 0 8 80 8 8 6 10
0 1 0 0 8 80 8 8 6 10
1 0 0 0 8 80 8 8 10 10
1 0 0 0 8 80 8 8 10 10
1 0 0 0 8 80 8 8 10 10
1 0 0 0 8 80 8 8 10 10
0 0 0 0 16 80 16 32 6 10
0 0 0 0 16 80 16 32 6 10
0 1 0 0 16 80 16 32 6 10
0 1 0 0 16 80 16 32 6 10
0 0 0 0 16 80 16 32 6 10
0 0 0 0 16 80 16 32 6 10
0 1 0 0 16 80 16 32 6 10
0 1 0 0 16 80 16 32 6 10
0 0 0 0 16 80 16 16 6 10
0 0 0 0 16 80 16 16 6 10
0 1 0 0 16 80 16 16 6 10
0 1 0 0 16 80 16 16 6 10
1 0 0 0 16 80 16 4 10 10
1 0 0 0 16 80 16 4 10 10
0 0 0 0 16 80 16 12 6 10
0 0 0 0 16 80 16 12 6 10
0 1 0 0 16 80 16 12 6 10
0 1 0 0 16 80 16 12 6 10
0 0 0 0 16 80 16 16 6 10
0 0 0 0 16 80 16 16 6 10
0 1 0 0 16 80 16 16 6 10
0 1 0 0 16 80 16 16 6 10
0 0 0 0 16 80 16 16 6 10
0 0 0 0 16 80 16 16 6 10
0 1 0 0 16 80 16 16 6 10
0 1 0 0 16 80 16 16 6 10
0 0 0 0 16 80 16 16 6 10
0 0 0 0 16 80 16 16 6 10
0 1 0 0 16 80 16 16 6 10
0 1 0 0 16 80 16 16 6 10
0 0 0 0 16 80 16 16 6 10
0 0 0 0 16 80 16 16 6 10
0 1 0 0 16 80 16 16 6 10
0 1 0 0 16 80 16 16 6 10
0 0 0 0 16 80 16 16 6 10
0 0 0 0 16 80 16 16 6 10
0 1 0 0 16 80 16 16 6 10
0 1 0 0 16 80 16 16 6 10
0 0 0 0 4 80 4 4 6 10
0 0 0 0 4 80 4 4 6 10
0 1 0 0 4 80 4 4 6 10
0 1 0 0 4 80 4 4 6 10
0 0 0 0 4 80 4 4 6 10
0 0 0 0 4 80 4 4 6 10
0 1 0 0 4 80 4 4 6 10
0 1 0 0 4 80 4 4 6 10
0 0 0 0 4 80 4 4 6 10
0 0 0 0 4 80 4 4 6 10
0 1 0 0 4 80 4 4 6 10
0 1 0 0 4 80 4 4 6 10
0 0 0 0 4 80 4 4 6 10
0 0 0 0 4 80 4 4 6 10
0 1 0 0 4 80 4 4 6 10
0 1 0 0 4 80 4 4 6 10
0 0 0 0 4 80 4 4 6 10
0 0 0 0 4 80 4 4 6 10
0 1 0 0 4 80 4 4 6 10
0 1 0 0 4 80 4 4 6 10
0 0 0 0 4 80 4 4 6 10
0 0 0 0 4 80 4 4 6 10
0 1 0 0 4 80 4 4 6 10
0 1 0 0 4 80 4 4 6 10
0 0 0 0 4 80 4 4 6 10
0 0 0 0 4 80 4 4 6 10
0 1 0 0 4 80 4 4 6 10
0 1 0 0 4 80 4 4 6 10
0 0 0 0 8 80 8 8 6 10
0 0 0 0 8 80 8 8 6 10
0 1 0 0 8 80 8 8 6 10
0 1 0 0 8 80 8 8 6 10
0 0 0 0 8 80 8 8 6 10
0 0 0 0 8 80 8 8 6 10
0 1 0 0 8 80 8 8 6 10
0 1 0 0 8 80 8 8 6 10
1 0 0 0 8 80 8 8 10 10
1 0 0 0 8 80 8 8 10 10
1 0 0 0 4 80 4 2 10 10
1 0 0 0 4 80 4 2 10 10
1 0 0 0 4 80 4 2 10 10
1 0 0 0 4 80 4 2 10 10
1 0 0 0 320 80 4 2 6 10
1 0 0 0 320 80 4 2 6 10
1 0 0 0 4 80 4 2 10 10
1 0 0 0 4 80 4 2 10 10
1 0 0 0 320 80 2 4 6 10
1 0 0 0 320 80 2 4 6 10
1 0 0 0 2 80 2 4 10 10
1 0 0 0 2 80 2 4 10 10
0 0 0 0 8 80 8 8 6 10
0 0 0 0 8 80 8 8 6 10
0 1 0 0 8 80 8 8 6 10
0 1 0 0 8 80 8 8 6 10
1 0 0 0 320 80 2 4 6 10
1 0 0 0 320 80 2 4 6 10
1 0 0 0 2 80 2 4 10 10
1 0 0 0 2 80 2 4 10 10
1 0 0 0 2 80 2 4 10 10
1 0 0 0 2 80 2 4 10 10
0 0 0 0 4 80 4 4 6 10
0 0 0 0 4 80 4 4 6 10
0 1 0 0 4 80 4 4 6 10
0 1 0 0 4 80 4 4 6 10
1 0 0 0 4 80 4 2 10 10
1 0 0 0 4 80 4 2 10 10
1 0 0 0 4 80 4 2 10 10
1 0 0 0 4 80 4 2 10 10
1 0 0 0 8 80 8 8 10 10
1 0 0 0 8 80 8 8 10 10
1 0 0 0 2 80 2 4 10 10
1 0 0 0 2 80 2 4 10 10
1 0 0 0 2 80 2 4 10 10
1 0 0 0 2 80 2 4 10 10
1 0 0 0 4 80 4 4 10 10
1 0 0 0 4 80 4 4 10 10
1 0 0 0 4 80 4 4 10 10
1 0 0 0 4 80 4 4 10 10
1 0 0 0 4 80 4 4 10 10
1 0 0 0 4 80 4 4 10 10
1 0 0 0 4 80 4 4 10 10
1 0 0 0 4 80 4 4 10 10
1 0 0 0 4 80 4 4 10 10
1 0 0 0 4 80 4 4 10 10
1 0 0 0 4 80 4 2 10 10
1 0 0 0 4 80 4 2 10 10
1 0 0 0 4 80 4 4 10 10
1 0 0 0 4 80 4 4 10 10
0 0 0 0 320 80 8 8 2 10
0 0 0 0 320 80 8 8 2 10
0 1 0 0 320 80 8 8 2 10
0 1 0 0 320 80 8 8 2 10
1 0 0 0 2 80 2 4 10 10
1 0 0 0 2 80 2 4 10 10
1 0 0 0 320 80 2 4 6 10
1 0 0 0 320 80 2 4 6 10
1 0 0 0 320 80 2 4 6 10
1 0 0 0 320 80 2 4 6 10
1 0 0 0 2 80 2 4 10 10
1 0 0 0 2 80 2 4 10 10
0 0 0 0 4 80 4 4 6 10
0 0 0 0 4 80 4 4 6 10
0 1 0 0 4 80 4 4 6 10
0 1 0 0 4 80 4 4 6 10
1 0 0 0 4 80 4 4 10 10
1 0 0 0 4 80 4 4 10 10
0 0 0 0 8 80 8 8 6 10
0 0 0 0 8 80 8 8 6 10
0 1 0 0 8 80 8 8 6 10
0 1 0 0 8 80 8 8 6 10
0 0 0 0 8 80 8 8 6 10
0 0 0 0 8 80 8 8 6 10
0 1 0 0 8 80 8 8 6 10
0 1 0 0 8 80 8 8 6 10
0 0 0 0 8 80 8 8 6 10
0 0 0 0 8 80 8 8 6 10
0 1 0 0 8 80 8 8 6 10
0 1 0 0 8 80 8 8 6 10
0 0 0 0 8 80 8 8 6 10
0 0 0 0 8 80 8 8 6 10
0 1 0 0 8 80 8 8 6 10
0 1 0 0 8 80 8 8 6 10
1 0 0 0 4 80 4 8 10 10
1 0 0 0 4 80 4 8 10 10
0 0 0 0 320 80 4 8 2 10
0 0 0 0 320 80 4 8 2 10
0 1 0 0 320 80 4 8 2 10
0 1 0 0 320 80 4 8 2 10
0 0 0 0 8 80 8 8 6 10
0 0 0 0 8 80 8 8 6 10
0 1 0 0 8 80 8 8 6 10
0 1 0 0 8 80 8 8 6 10
0 0 0 0 8 80 8 8 6 10
0 0 0 0 8 80 8 8 6 10
0 1 0 0 8 80 8 8 6 10
0 1 0 0 8 80 8 8 6 10
1 0 0 0 8 80 8 4 10 10
1 0 0 0 8 80 8 4 10 10
1 0 0 0 8 80 8 4 10 10
1 0 0 0 8 80 8 4 10 10
1 0 0 0 8 80 8 8 10 10
1 0 0 0 8 80 8 8 10 10
1 0 0 0 8 80 8 4 10 10
1 0 0 0 8 80 8 4 10 10
1 0 0 0 320 80 8 4 6 10
1 0 0 0 320 80 8 4 6 10
1 0 0 0 320 80 8 8 6 10
1 0 0 0 320 80 8 8 6 10
0 0 0 0 320 80 16 16 2 10
0 0 0 0 320 80 16 16 2 10
0 1 0 0 320 80 16 16 2 10
0 1 0 0 320 80 16 16 2 10
0 0 0 0 320 80 16 16 2 10
0 0 0 0 320 80 16 16 2 10
0 1 0 0 320 80 16 16 2 10
0 1 0 0 320 80 16 16 2 10
0 0 0 0 320 80 16 16 2 10
0 0 0 0 320 80 16 16 2 10
0 1 0 0 320 80 16 16 2 10
0 1 0 0 320 80 16 16 2 10
0 0 0 0 320 80 32 32 2 10
0 0 0 0 320 80 32 32 2 10
0 1 0 0 320 80 32 32 2 10
0 1 0 0 320 80 32 32 2 10
0 0 0 0 16 80 16 16 6 10
0 0 0 0 16 80 16 16 6 10
0 1 0 0 16 80 16 16 6 10
0 1 0 0 16 80 16 16 6 10
0 0 0 0 16 80 16 16 6 10
0 0 0 0 16 80 16 16 6 10
0 1 0 0 16 80 16 16 6 10
0 1 0 0 16 80 16 16 6 10
0 0 0 0 8 80 8 8 6 10
0 0 0 0 8 80 8 8 6 10
0 1 0 0 8 80 8 8 6 10
0 1 0 0 8 80 8 8 6 10
0 0 0 0 8 80 8 8 6 10
0 0 0 0 8 80 8 8 6 10
0 1 0 0 8 80 8 8 6 10
0 1 0 0 8 80 8 8 6 10
0 0 0 0 8 80 8 8 6 10
0 0 0 0 8 80 8 8 6 10
0 1 0 0 8 80 8 8 6 10
0 1 0 0 8 80 8 8 6 10
0 0 0 0 8 80 8 8 6 10
0 0 0 0 8 80 8 8 6 10
0 1 0 0 8 80 8 8 6 10
0 1 0 0 8 80 8 8 6 10
0 0 0 0 16 80 16 16 6 10
0 0 0 0 16 80 16 16 6 10
0 1 0 0 16 80 16 16 6 10
0 1 0 0 16 80 16 16 6 10
1 0 0 0 4 80 4 16 10 10
1 0 0 0 4 80 4 16 10 10
0 0 0 0 12 80 12 16 6 10
0 0 0 0 12 80 12 16 6 10
0 1 0 0 12 80 12 16 6 10
0 1 0 0 12 80 12 16 6 10
0 0 0 0 16 80 16 16 6 10
0 0 0 0 16 80 16 16 6 10
0 1 0 0 16 80 16 16 6 10
0 1 0 0 16 80 16 16 6 10
1 0 0 0 16 80 16 16 10 10
1 0 0 0 16 80 16 16 10 10
0 0 0 0 16 80 16 16 6 10
0 0 0 0 16 80 16 16 6 10
0 1 0 0 16 80 16 16 6 10
0 1 0 0 16 80 16 16 6 10
0 0 0 0 16 80 16 16 6 10
0 0 0 0 16 80 16 16 6 10
0 1 0 0 16 80 16 16 6 10
0 1 0 0 16 80 16 16 6 10
0 0 0 0 16 80 16 16 6 10
0 0 0 0 16 80 16 16 6 10
0 1 0 0 16 80 16 16 6 10
0 1 0 0 16 80 16 16 6 10
0 0 0 0 32 80 32 32 6 10
0 0 0 0 32 80 32 32 6 10
0 1 0 0 32 80 32 32 6 10
0 1 0 0 32 80 32 32 6 10
0 0 0 0 320 80 32 32 2 10
0 0 0 0 320 80 32 32 2 10
0 1 0 0 320 80 32 32 2 10
0 1 0 0 320 80 32 32 2 10
0 0 0 0 320 80 32 32 2 10
0 0 0 0 320 80 32 32 2 10
0 1 0 0 320 80 32 32 2 10
0 1 0 0 320 80 32 32 2 10
0 0 0 0 32 80 32 32 6 10
0 0 0 0 32 80 32 32 6 10
0 1 0 0 32 80 32 32 6 10
0 1 0 0 32 80 32 32 6 10
0 0 0 0 16 80 16 16 6 10
0 0 0 0 16 80 16 16 6 10
0 1 0 0 16 80 16 16 6 10
0 1 0 0 16 80 16 16 6 10
0 0 0 0 16 80 16 16 6 10
0 0 0 0 16 80 16 16 6 10
0 1 0 0 16 80 16 16 6 10
0 1 0 0 16 80 16 16 6 10
0 0 0 0 32 80 32 32 6 10
0 0 0 0 32 80 32 32 6 10
0 1 0 0 32 80 32 32 6 10
0 1 0 0 32 80 32 32 6 10
0 0 0 0 16 80 16 16 6 10
0 0 0 0 16 80 16 16 6 10
0 1 0 0 16 80 16 16 6 10
0 1 0 0 16 80 16 16 6 10
0 0 0 0 16 80 16 16 6 10
0 0 0 0 16 80 16 16 6 10
0 1 0 0 16 80 16 16 6 10
0 1 0 0 16 80 16 16 6 10
0 0 0 0 16 80 16 16 6 10
0 0 0 0 16 80 16 16 6 10
0 1 0 0 16 80 16 16 6 10
0 1 0 0 16 80 16 16 6 10
0 0 0 0 16 80 16 16 6 10
0 0 0 0 16 80 16 16 6 10
0 1 0 0 16 80 16 16 6 10
0 1 0 0 16 80 16 16 6 10
0 0 0 0 8 80 8 8 6 10
0 0 0 0 8 80 8 8 6 10
0 1 0 0 8 80 8 8 6 10
0 1 0 0 8 80 8 8 6 10
0 0 0 0 8 80 8 8 6 10
0 0 0 0 8 80 8 8 6 10
0 1 0 0 8 80 8 8 6 10
0 1 0 0 8 80 8 8 6 10
0 0 0 0 8 80 8 8 6 10
0 0 0 0 8 80 8 8 6 10
0 1 0 0 8 80 8 8 6 10
0 1 0 0 8 80 8 8 6 10
0 0 0 0 8 80 8 8 6 10
0 0 0 0 8 80 8 8 6 10
0 1 0 0 8 80 8 8 6 10
0 1 0 0 8 80 8 8 6 10
0 0 0 0 16 80 16 16 6 10
0 0 0 0 16 80 16 16 6 10
0 1 0 0 16 80 16 16 6 10
0 1 0 0 16 80 16 16 6 10
0 0 0 0 16 80 16 16 6 10
0 0 0 0 16 80 16 16 6 10
0 1 0 0 16 80 16 16 6 10
0 1 0 0 16 80 16 16 6 10
0 0 0 0 16 80 16 16 6 10
0 0 0 0 16 80 16 16 6 10
0 1 0 0 16 80 16 16 6 10
0 1 0 0 16 80 16 16 6 10
0 0 0 0 320 80 32 32 2 10
0 0 0 0 320 80 32 32 2 10
